app/build/intermediates/manifest_merge_blame_file/debug/manifest-merger-blame-debug-report.txt
1<?xml version="1.0" encoding="utf-8"?>
2<manifest xmlns:android="http://schemas.android.com/apk/res/android"
3    package="com.pfaofficial.test"
4    android:versionCode="65"
5    android:versionName="1.65" >
6
7    <uses-sdk
8        android:minSdkVersion="25"
8-->src\main\AndroidManifest.xml
9        android:targetSdkVersion="30" />
9-->src\main\AndroidManifest.xml
10
11    <uses-feature
11-->src\main\AndroidManifest.xml:6:5-8:35
12        android:name="android.hardware.camera.any"
12-->src\main\AndroidManifest.xml:7:9-51
13        android:required="true" /> <!-- <uses-permission android:name="android.permission.CALL_PHONE" /> -->
13-->src\main\AndroidManifest.xml:8:9-32
14    <uses-feature
14-->src\main\AndroidManifest.xml:9:5-11:36
15        android:name="android.hardware.camera.autofocus"
15-->src\main\AndroidManifest.xml:10:9-57
16        android:required="false" />
16-->src\main\AndroidManifest.xml:11:9-33
17
18    <uses-permission android:name="android.permission.BLUETOOTH" />
18-->src\main\AndroidManifest.xml:13:5-68
18-->src\main\AndroidManifest.xml:13:22-65
19    <uses-permission android:name="android.permission.BLUETOOTH_ADMIN" />
19-->src\main\AndroidManifest.xml:14:5-74
19-->src\main\AndroidManifest.xml:14:22-71
20    <uses-permission android:name="android.permission.READ_PHONE_STATE" />
20-->src\main\AndroidManifest.xml:15:5-75
20-->src\main\AndroidManifest.xml:15:22-72
21    <uses-permission android:name="android.permission.RECEIVE_BOOT_COMPLETED" />
21-->src\main\AndroidManifest.xml:16:5-81
21-->src\main\AndroidManifest.xml:16:22-78
22    <uses-permission android:name="android.permission.SYSTEM_ALERT_WINDOW" />
22-->src\main\AndroidManifest.xml:17:5-78
22-->src\main\AndroidManifest.xml:17:22-75
23    <uses-permission android:name="com.samsung.android.providers.context.permission.WRITE_USE_APP_FEATURE_SURVEY" />
23-->src\main\AndroidManifest.xml:18:5-117
23-->src\main\AndroidManifest.xml:18:22-114
24    <uses-permission android:name="android.permission.CHANGE_WIFI_STATE" />
24-->src\main\AndroidManifest.xml:19:5-76
24-->src\main\AndroidManifest.xml:19:22-73
25    <uses-permission android:name="android.permission.INTERNET" /> <!-- Permission to read/write storage data like image, file -->
25-->src\main\AndroidManifest.xml:20:5-67
25-->src\main\AndroidManifest.xml:20:22-64
26    <uses-permission android:name="android.permission.CAMERA" />
26-->src\main\AndroidManifest.xml:21:5-65
26-->src\main\AndroidManifest.xml:21:22-62
27    <uses-permission android:name="android.permission.ACCESS_WIFI_STATE" /> <!-- Location permissions -->
27-->src\main\AndroidManifest.xml:22:5-76
27-->src\main\AndroidManifest.xml:22:22-73
28    <uses-permission android:name="android.permission.ACCESS_NETWORK_STATE" />
28-->src\main\AndroidManifest.xml:23:5-79
28-->src\main\AndroidManifest.xml:23:22-76
29    <uses-permission android:name="android.permission.CALL_PHONE" />
29-->src\main\AndroidManifest.xml:24:5-69
29-->src\main\AndroidManifest.xml:24:22-66
30    <!-- <uses-permission android:name="android.permission.WRITE_EXTERNAL_STORAGE" /> &lt;!&ndash; This app records A/V content from camera and stores it to disk &ndash;&gt; -->
31    <!-- <uses-permission android:name="android.permission.MANAGE_EXTERNAL_STORAGE"/> -->
32    <!-- <uses-feature -->
33    <!-- android:name="android.hardware.camera" -->
34    <!-- android:required="true" -->
35    <!-- tools:targetApi="eclair" /> -->
36    <uses-permission android:name="android.permission.ACCESS_FINE_LOCATION" /> <!-- <uses-permission android:name="android.permission.ACCESS_BACKGROUND_LOCATION" /> -->
36-->src\main\AndroidManifest.xml:31:5-79
36-->src\main\AndroidManifest.xml:31:22-76
37    <uses-permission android:name="android.permission.ACCESS_COARSE_LOCATION" />
37-->src\main\AndroidManifest.xml:32:5-81
37-->src\main\AndroidManifest.xml:32:22-78
38    <uses-permission android:name="android.permission.READ_EXTERNAL_STORAGE" />
38-->src\main\AndroidManifest.xml:33:5-80
38-->src\main\AndroidManifest.xml:33:22-77
39    <uses-permission android:name="android.permission.WRITE_EXTERNAL_STORAGE" />
39-->src\main\AndroidManifest.xml:35:5-81
39-->src\main\AndroidManifest.xml:35:22-78
40    <!-- <uses-permission android:name="android.permission.DOWNLOAD_WITHOUT_NOTIFICATION" /> -->
41
42
43    <!-- <uses-permission android:name="android.permission.ACCESS_BACKGROUND_LOCATION" /> -->
44    <queries>
44-->src\main\AndroidManifest.xml:39:5-43:15
45        <intent>
45-->src\main\AndroidManifest.xml:40:9-42:18
46            <action android:name="android.media.action.IMAGE_CAPTURE" />
46-->src\main\AndroidManifest.xml:41:13-73
46-->src\main\AndroidManifest.xml:41:21-70
47        </intent>
48        <!-- Needs to be explicitly declared on Android R+ -->
49        <package android:name="com.google.android.apps.maps" />
49-->[com.google.android.gms:play-services-maps:17.0.1] AndroidManifest.xml:33:9-64
49-->[com.google.android.gms:play-services-maps:17.0.1] AndroidManifest.xml:33:18-61
50    </queries>
51    <queries>
51-->src\main\AndroidManifest.xml:39:5-43:15
52        <intent>
52-->src\main\AndroidManifest.xml:45:9-47:18
53            <action android:name="android.intent.action.PICK" />
53-->src\main\AndroidManifest.xml:46:13-65
53-->src\main\AndroidManifest.xml:46:21-62
54        </intent>
55    </queries>
56    <queries>
56-->src\main\AndroidManifest.xml:39:5-43:15
57        <package android:name="com.android.camera" />
57-->src\main\AndroidManifest.xml:50:9-54
57-->src\main\AndroidManifest.xml:50:18-51
58        <package android:name="com.android.gallery" />
58-->src\main\AndroidManifest.xml:51:9-55
58-->src\main\AndroidManifest.xml:51:18-52
59    </queries>
60
61    <uses-permission android:name="android.permission.WAKE_LOCK" /> <!-- Required by older versions of Google Play services to create IID tokens -->
61-->[com.google.firebase:firebase-iid:21.1.0] AndroidManifest.xml:24:5-68
61-->[com.google.firebase:firebase-iid:21.1.0] AndroidManifest.xml:24:22-65
62    <uses-permission android:name="com.google.android.c2dm.permission.RECEIVE" />
62-->[com.google.firebase:firebase-iid:21.1.0] AndroidManifest.xml:26:5-82
62-->[com.google.firebase:firebase-iid:21.1.0] AndroidManifest.xml:26:22-79
63
64    <uses-feature
64-->[com.google.android.gms:play-services-maps:17.0.1] AndroidManifest.xml:26:5-28:35
65        android:glEsVersion="0x00020000"
65-->[com.google.android.gms:play-services-maps:17.0.1] AndroidManifest.xml:27:9-41
66        android:required="true" /> <!-- Don't require camera, as this requires a rear camera. This allows it to work on the Nexus 7 -->
66-->[com.google.android.gms:play-services-maps:17.0.1] AndroidManifest.xml:28:9-32
67    <uses-feature
67-->[com.journeyapps:zxing-android-embedded:3.2.0] AndroidManifest.xml:24:5-26:36
68        android:name="android.hardware.camera"
68-->[com.journeyapps:zxing-android-embedded:3.2.0] AndroidManifest.xml:25:9-47
69        android:required="false" />
69-->[com.journeyapps:zxing-android-embedded:3.2.0] AndroidManifest.xml:26:9-33
70    <uses-feature
70-->[com.journeyapps:zxing-android-embedded:3.2.0] AndroidManifest.xml:27:5-29:36
71        android:name="android.hardware.camera.front"
71-->[com.journeyapps:zxing-android-embedded:3.2.0] AndroidManifest.xml:28:9-53
72        android:required="false" />
72-->[com.journeyapps:zxing-android-embedded:3.2.0] AndroidManifest.xml:29:9-33
73    <uses-feature
73-->[com.journeyapps:zxing-android-embedded:3.2.0] AndroidManifest.xml:35:5-37:36
74        android:name="android.hardware.camera.flash"
74-->[com.journeyapps:zxing-android-embedded:3.2.0] AndroidManifest.xml:36:9-53
75        android:required="false" />
75-->[com.journeyapps:zxing-android-embedded:3.2.0] AndroidManifest.xml:37:9-33
76    <uses-feature
76-->[com.journeyapps:zxing-android-embedded:3.2.0] AndroidManifest.xml:38:5-40:36
77        android:name="android.hardware.screen.landscape"
77-->[com.journeyapps:zxing-android-embedded:3.2.0] AndroidManifest.xml:39:9-57
78        android:required="false" />
78-->[com.journeyapps:zxing-android-embedded:3.2.0] AndroidManifest.xml:40:9-33
79    <uses-feature
79-->[com.journeyapps:zxing-android-embedded:3.2.0] AndroidManifest.xml:41:5-43:36
80        android:name="android.hardware.wifi"
80-->[com.journeyapps:zxing-android-embedded:3.2.0] AndroidManifest.xml:42:9-45
81        android:required="false" /> <!-- Permission will be merged into the manifest of the hosting app. -->
81-->[com.journeyapps:zxing-android-embedded:3.2.0] AndroidManifest.xml:43:9-33
82    <!-- Is required to launch foreground extraction service for targetSdkVersion 28+. -->
83    <uses-permission android:name="android.permission.FOREGROUND_SERVICE" />
83-->[com.google.android.play:core:1.10.2] AndroidManifest.xml:13:5-77
83-->[com.google.android.play:core:1.10.2] AndroidManifest.xml:13:22-74
84    <uses-permission android:name="com.google.android.finsky.permission.BIND_GET_INSTALL_REFERRER_SERVICE" /> <!-- android:networkSecurityConfig="@xml/network_security_config" -->
84-->[com.google.android.gms:play-services-measurement:19.0.2] AndroidManifest.xml:26:5-110
84-->[com.google.android.gms:play-services-measurement:19.0.2] AndroidManifest.xml:26:22-107
85    <!-- android:usesCleartextTraffic="true" -->
86    <application
86-->src\main\AndroidManifest.xml:58:5-314:19
87        android:name="com.pfa.pfaapp.AppController"
87-->src\main\AndroidManifest.xml:59:9-38
88        android:allowBackup="true"
88-->src\main\AndroidManifest.xml:60:9-35
89        android:appComponentFactory="androidx.core.app.CoreComponentFactory"
89-->[androidx.core:core:1.5.0] AndroidManifest.xml:24:18-86
90        android:debuggable="true"
90-->src\main\AndroidManifest.xml:61:9-35
91        android:extractNativeLibs="false"
92        android:fullBackupContent="true"
92-->src\main\AndroidManifest.xml:62:9-41
93        android:hardwareAccelerated="true"
93-->src\main\AndroidManifest.xml:63:9-43
94        android:icon="@mipmap/pfalogo"
94-->src\main\AndroidManifest.xml:64:9-39
95        android:label="@string/app_name"
95-->src\main\AndroidManifest.xml:65:9-41
96        android:largeHeap="true"
96-->src\main\AndroidManifest.xml:66:9-33
97        android:requestLegacyExternalStorage="true"
97-->src\main\AndroidManifest.xml:68:9-52
98        android:roundIcon="@mipmap/pfalogo"
98-->src\main\AndroidManifest.xml:69:9-44
99        android:supportsRtl="true"
99-->src\main\AndroidManifest.xml:70:9-35
100        android:theme="@style/AppTheme" >
100-->src\main\AndroidManifest.xml:71:9-40
101        <activity android:name="com.pfa.pfaapp.printing.PrinterActivity" />
101-->src\main\AndroidManifest.xml:75:9-62
101-->src\main\AndroidManifest.xml:75:19-59
102        <activity android:name="com.pfa.pfaapp.BTDeviceList" />
102-->src\main\AndroidManifest.xml:76:9-50
102-->src\main\AndroidManifest.xml:76:19-47
103        <activity android:name="com.pfa.pfaapp.WebAppActivity" />
103-->src\main\AndroidManifest.xml:77:9-52
103-->src\main\AndroidManifest.xml:77:19-49
104        <activity
104-->src\main\AndroidManifest.xml:78:9-99:20
105            android:name="com.pfa.pfaapp.SplashActivity"
105-->src\main\AndroidManifest.xml:79:13-43
106            android:screenOrientation="portrait"
106-->src\main\AndroidManifest.xml:80:13-49
107            android:theme="@style/DrawerActivityTheme" >
107-->src\main\AndroidManifest.xml:81:13-55
108            <intent-filter>
108-->src\main\AndroidManifest.xml:82:13-86:29
109                <action android:name="android.intent.action.MAIN" />
109-->src\main\AndroidManifest.xml:83:17-69
109-->src\main\AndroidManifest.xml:83:25-66
110
111                <category android:name="android.intent.category.LAUNCHER" />
111-->src\main\AndroidManifest.xml:85:17-77
111-->src\main\AndroidManifest.xml:85:27-74
112            </intent-filter>
113            <intent-filter android:autoVerify="true" >
113-->src\main\AndroidManifest.xml:87:13-98:29
113-->src\main\AndroidManifest.xml:88:17-42
114                <action android:name="android.intent.action.VIEW" />
114-->src\main\AndroidManifest.xml:90:17-69
114-->src\main\AndroidManifest.xml:90:25-66
115
116                <category android:name="android.intent.category.DEFAULT" />
116-->src\main\AndroidManifest.xml:92:17-76
116-->src\main\AndroidManifest.xml:92:27-73
117                <category android:name="android.intent.category.BROWSABLE" />
117-->src\main\AndroidManifest.xml:93:17-78
117-->src\main\AndroidManifest.xml:93:27-75
118
119                <data
119-->src\main\AndroidManifest.xml:95:17-97:46
120                    android:host="cell.pfa.gop.pk"
120-->src\main\AndroidManifest.xml:96:21-51
121                    android:scheme="https" />
121-->src\main\AndroidManifest.xml:97:21-43
122            </intent-filter>
123        </activity>
124        <activity
124-->src\main\AndroidManifest.xml:100:9-102:52
125            android:name="com.pfa.pfaapp.BaseActivity"
125-->src\main\AndroidManifest.xml:101:13-41
126            android:screenOrientation="portrait" />
126-->src\main\AndroidManifest.xml:102:13-49
127        <activity
127-->src\main\AndroidManifest.xml:103:9-106:58
128            android:name="com.pfa.pfaapp.LoginActivity"
128-->src\main\AndroidManifest.xml:104:13-42
129            android:screenOrientation="portrait"
129-->src\main\AndroidManifest.xml:105:13-49
130            android:theme="@style/DrawerActivityTheme" />
130-->src\main\AndroidManifest.xml:106:13-55
131        <!--
132             Set color used with incoming notification messages. This is used when no color is set for the incoming
133             notification message. See README(https://goo.gl/6BKBk7) for more.
134        -->
135        <activity
135-->src\main\AndroidManifest.xml:111:9-115:58
136            android:name="com.pfa.pfaapp.VerifyActivity"
136-->src\main\AndroidManifest.xml:112:13-43
137            android:launchMode="singleInstance"
137-->src\main\AndroidManifest.xml:113:13-48
138            android:screenOrientation="portrait"
138-->src\main\AndroidManifest.xml:114:13-49
139            android:theme="@style/DrawerActivityTheme" /> <!-- [END fcm_default_icon] -->
139-->src\main\AndroidManifest.xml:115:13-55
140        <!-- [START fcm_default_channel] -->
141        <activity
141-->src\main\AndroidManifest.xml:117:9-121:58
142            android:name="com.pfa.pfaapp.PFADrawerActivity"
142-->src\main\AndroidManifest.xml:118:13-46
143            android:configChanges="orientation|screenSize"
143-->src\main\AndroidManifest.xml:119:13-59
144            android:screenOrientation="portrait"
144-->src\main\AndroidManifest.xml:120:13-49
145            android:theme="@style/DrawerActivityTheme" /> <!-- [END fcm_default_channel] -->
145-->src\main\AndroidManifest.xml:121:13-55
146        <!--
147                  The API key for Google Maps-based APIs is defined as a string resource.
148                  (See the file "res/values/google_maps_api.xml").
149                  Note that the API key is linked to the encryption key used to sign the APK.
150                  You need a different API key for each encryption key, including the release key that is used to
151                  sign the APK for publishing.
152                  You can define the keys for the debug and release targets in src/debug/ and src/release/.
153        -->
154        <activity
154-->src\main\AndroidManifest.xml:130:9-133:58
155            android:name="com.pfa.pfaapp.PFAFiltersActivity"
155-->src\main\AndroidManifest.xml:131:13-47
156            android:screenOrientation="portrait"
156-->src\main\AndroidManifest.xml:132:13-49
157            android:theme="@style/DrawerActivityTheme" />
157-->src\main\AndroidManifest.xml:133:13-55
158        <activity
158-->src\main\AndroidManifest.xml:134:9-139:67
159            android:name="com.pfa.pfaapp.PFADetailActivity"
159-->src\main\AndroidManifest.xml:135:13-46
160            android:configChanges="orientation|screenSize"
160-->src\main\AndroidManifest.xml:136:13-59
161            android:screenOrientation="portrait"
161-->src\main\AndroidManifest.xml:137:13-49
162            android:theme="@style/DrawerActivityTheme"
162-->src\main\AndroidManifest.xml:138:13-55
163            android:windowSoftInputMode="stateHidden|adjustPan" />
163-->src\main\AndroidManifest.xml:139:13-64
164        <activity
164-->src\main\AndroidManifest.xml:140:9-144:58
165            android:name="com.pfa.pfaapp.PFAAddNewActivity"
165-->src\main\AndroidManifest.xml:141:13-46
166            android:configChanges="orientation|screenSize"
166-->src\main\AndroidManifest.xml:142:13-59
167            android:screenOrientation="portrait"
167-->src\main\AndroidManifest.xml:143:13-49
168            android:theme="@style/DrawerActivityTheme" />
168-->src\main\AndroidManifest.xml:144:13-55
169        <activity
169-->src\main\AndroidManifest.xml:145:9-149:58
170            android:name="com.pfa.pfaapp.SignupActivity"
170-->src\main\AndroidManifest.xml:146:13-43
171            android:configChanges="orientation|screenSize"
171-->src\main\AndroidManifest.xml:147:13-59
172            android:screenOrientation="portrait"
172-->src\main\AndroidManifest.xml:148:13-49
173            android:theme="@style/DrawerActivityTheme" />
173-->src\main\AndroidManifest.xml:149:13-55
174        <activity
174-->src\main\AndroidManifest.xml:150:9-154:58
175            android:name="com.pfa.pfaapp.FBOMainGridActivity"
175-->src\main\AndroidManifest.xml:151:13-48
176            android:configChanges="orientation|screenSize"
176-->src\main\AndroidManifest.xml:152:13-59
177            android:screenOrientation="portrait"
177-->src\main\AndroidManifest.xml:153:13-49
178            android:theme="@style/DrawerActivityTheme" />
178-->src\main\AndroidManifest.xml:154:13-55
179        <activity
179-->src\main\AndroidManifest.xml:155:9-159:58
180            android:name="com.pfa.pfaapp.LocalFormsActivity"
180-->src\main\AndroidManifest.xml:156:13-47
181            android:configChanges="orientation|screenSize"
181-->src\main\AndroidManifest.xml:157:13-59
182            android:screenOrientation="portrait"
182-->src\main\AndroidManifest.xml:158:13-49
183            android:theme="@style/DrawerActivityTheme" />
183-->src\main\AndroidManifest.xml:159:13-55
184        <activity
184-->src\main\AndroidManifest.xml:160:9-164:58
185            android:name="com.pfa.pfaapp.MapsActivity"
185-->src\main\AndroidManifest.xml:161:13-41
186            android:configChanges="orientation|screenSize"
186-->src\main\AndroidManifest.xml:162:13-59
187            android:screenOrientation="portrait"
187-->src\main\AndroidManifest.xml:163:13-49
188            android:theme="@style/DrawerActivityTheme" /> <!-- [START firebase_service] -->
188-->src\main\AndroidManifest.xml:164:13-55
189        <activity
189-->src\main\AndroidManifest.xml:165:9-169:58
190            android:name="com.pfa.pfaapp.DropdownActivity"
190-->src\main\AndroidManifest.xml:166:13-45
191            android:configChanges="orientation|screenSize"
191-->src\main\AndroidManifest.xml:167:13-59
192            android:screenOrientation="portrait"
192-->src\main\AndroidManifest.xml:168:13-49
193            android:theme="@style/DrawerActivityTheme" /> <!-- [END firebase_service] -->
193-->src\main\AndroidManifest.xml:169:13-55
194        <!-- [START firebase_iid_service] -->
195        <!-- [END firebase_iid_service] -->
196        <activity
196-->src\main\AndroidManifest.xml:172:9-175:58
197            android:name="com.pfa.pfaapp.ImageGalleryActivity"
197-->src\main\AndroidManifest.xml:173:13-49
198            android:configChanges="orientation|screenSize"
198-->src\main\AndroidManifest.xml:174:13-59
199            android:theme="@style/DrawerActivityTheme" />
199-->src\main\AndroidManifest.xml:175:13-55
200        <activity
200-->src\main\AndroidManifest.xml:176:9-179:58
201            android:name="com.pfa.pfaapp.ForgotPinActivity"
201-->src\main\AndroidManifest.xml:177:13-46
202            android:screenOrientation="portrait"
202-->src\main\AndroidManifest.xml:178:13-49
203            android:theme="@style/DrawerActivityTheme" />
203-->src\main\AndroidManifest.xml:179:13-55
204        <activity
204-->src\main\AndroidManifest.xml:180:9-184:58
205            android:name="com.pfa.pfaapp.PFASearchActivity"
205-->src\main\AndroidManifest.xml:181:13-46
206            android:configChanges="orientation|screenSize"
206-->src\main\AndroidManifest.xml:182:13-59
207            android:screenOrientation="portrait"
207-->src\main\AndroidManifest.xml:183:13-49
208            android:theme="@style/DrawerActivityTheme" />
208-->src\main\AndroidManifest.xml:184:13-55
209        <activity
209-->src\main\AndroidManifest.xml:185:9-189:58
210            android:name="com.pfa.pfaapp.FPrintActivity"
210-->src\main\AndroidManifest.xml:186:13-43
211            android:configChanges="orientation|screenSize"
211-->src\main\AndroidManifest.xml:187:13-59
212            android:screenOrientation="portrait"
212-->src\main\AndroidManifest.xml:188:13-49
213            android:theme="@style/DrawerActivityTheme" />
213-->src\main\AndroidManifest.xml:189:13-55
214        <activity
214-->src\main\AndroidManifest.xml:190:9-194:58
215            android:name="com.pfa.pfaapp.LocalFormDialogActivity"
215-->src\main\AndroidManifest.xml:191:13-52
216            android:configChanges="orientation|screenSize"
216-->src\main\AndroidManifest.xml:192:13-59
217            android:screenOrientation="portrait"
217-->src\main\AndroidManifest.xml:193:13-49
218            android:theme="@style/DrawerActivityTheme" />
218-->src\main\AndroidManifest.xml:194:13-55
219        <activity
219-->src\main\AndroidManifest.xml:195:9-199:58
220            android:name="com.pfa.pfaapp.SetPinActivity"
220-->src\main\AndroidManifest.xml:196:13-43
221            android:configChanges="orientation|screenSize"
221-->src\main\AndroidManifest.xml:197:13-59
222            android:screenOrientation="portrait"
222-->src\main\AndroidManifest.xml:198:13-49
223            android:theme="@style/DrawerActivityTheme" />
223-->src\main\AndroidManifest.xml:199:13-55
224        <activity
224-->src\main\AndroidManifest.xml:200:9-204:58
225            android:name="com.pfa.pfaapp.PinSuccessActivity"
225-->src\main\AndroidManifest.xml:201:13-47
226            android:configChanges="orientation|screenSize"
226-->src\main\AndroidManifest.xml:202:13-59
227            android:screenOrientation="portrait"
227-->src\main\AndroidManifest.xml:203:13-49
228            android:theme="@style/DrawerActivityTheme" />
228-->src\main\AndroidManifest.xml:204:13-55
229        <activity
229-->src\main\AndroidManifest.xml:205:9-209:58
230            android:name="com.pfa.pfaapp.VerifySMSActivity"
230-->src\main\AndroidManifest.xml:206:13-46
231            android:configChanges="orientation|screenSize"
231-->src\main\AndroidManifest.xml:207:13-59
232            android:screenOrientation="portrait"
232-->src\main\AndroidManifest.xml:208:13-49
233            android:theme="@style/DrawerActivityTheme" /> <!-- android:launchMode="singleInstance" -->
233-->src\main\AndroidManifest.xml:209:13-55
234        <activity
234-->src\main\AndroidManifest.xml:210:9-214:58
235            android:name="com.pfa.pfaapp.NotificationActivity"
235-->src\main\AndroidManifest.xml:211:13-49
236            android:configChanges="orientation|screenSize"
236-->src\main\AndroidManifest.xml:212:13-59
237            android:screenOrientation="portrait"
237-->src\main\AndroidManifest.xml:213:13-49
238            android:theme="@style/DrawerActivityTheme" />
238-->src\main\AndroidManifest.xml:214:13-55
239        <activity
239-->src\main\AndroidManifest.xml:215:9-220:63
240            android:name="com.pfa.pfaapp.emergency.LockHelpActivity"
240-->src\main\AndroidManifest.xml:216:13-55
241            android:configChanges="keyboardHidden|orientation"
241-->src\main\AndroidManifest.xml:217:13-63
242            android:label="@string/app_name"
242-->src\main\AndroidManifest.xml:218:13-45
243            android:launchMode="singleInstance"
243-->src\main\AndroidManifest.xml:219:13-48
244            android:theme="@style/Theme_Dialog_Translucent" />
244-->src\main\AndroidManifest.xml:220:13-60
245
246        <meta-data
246-->src\main\AndroidManifest.xml:222:9-224:50
247            android:name="com.google.firebase.messaging.default_notification_icon"
247-->src\main\AndroidManifest.xml:223:13-83
248            android:resource="@mipmap/pfalogo" />
248-->src\main\AndroidManifest.xml:224:13-47
249        <meta-data
249-->src\main\AndroidManifest.xml:225:9-227:53
250            android:name="com.google.firebase.messaging.default_notification_color"
250-->src\main\AndroidManifest.xml:226:13-84
251            android:resource="@color/colorAccent" />
251-->src\main\AndroidManifest.xml:227:13-50
252        <meta-data
252-->src\main\AndroidManifest.xml:228:9-230:71
253            android:name="com.google.firebase.messaging.default_notification_channel_id"
253-->src\main\AndroidManifest.xml:229:13-89
254            android:value="@string/default_notification_channel_id" /> <!-- <activity -->
254-->src\main\AndroidManifest.xml:230:13-68
255        <!-- android:name=".VideoRecordActivity" -->
256        <!-- android:screenOrientation="portrait" -->
257        <!-- android:theme="@style/DrawerActivityTheme" /> -->
258        <!-- <activity -->
259        <!-- android:name=".WebAppActivity" -->
260        <!-- android:screenOrientation="portrait" -->
261        <!-- android:theme="@style/WebViewTheme"> -->
262        <!-- <intent-filter -->
263        <!-- android:autoVerify="true" -->
264        <!-- tools:targetApi="m"> -->
265        <!-- <action android:name="android.intent.action.VIEW" /> -->
266        <!-- <category android:name="android.intent.category.DEFAULT" /> -->
267        <!-- <category android:name="android.intent.category.BROWSABLE" /> -->
268        <!-- <data -->
269        <!-- android:host="cell.pfa.gop.pk" -->
270        <!-- android:scheme="https" /> -->
271        <!-- </intent-filter> -->
272        <!-- </activity> -->
273        <meta-data
273-->src\main\AndroidManifest.xml:249:9-251:55
274            android:name="com.google.android.geo.API_KEY"
274-->src\main\AndroidManifest.xml:250:13-58
275            android:value="@string/google_maps_key" />
275-->src\main\AndroidManifest.xml:251:13-52
276        <meta-data
276-->src\main\AndroidManifest.xml:252:9-254:69
277            android:name="com.google.android.gms.version"
277-->src\main\AndroidManifest.xml:253:13-58
278            android:value="@integer/google_play_services_version" />
278-->src\main\AndroidManifest.xml:254:13-66
279
280        <provider
281            android:name="androidx.core.content.FileProvider"
281-->src\main\AndroidManifest.xml:257:13-62
282            android:authorities="com.pfaofficial.test.provider"
282-->src\main\AndroidManifest.xml:258:13-60
283            android:exported="false"
283-->src\main\AndroidManifest.xml:259:13-37
284            android:grantUriPermissions="true" >
284-->src\main\AndroidManifest.xml:260:13-47
285            <meta-data
285-->src\main\AndroidManifest.xml:261:13-263:58
286                android:name="android.support.FILE_PROVIDER_PATHS"
286-->src\main\AndroidManifest.xml:262:17-67
287                android:resource="@xml/provider_paths" />
287-->src\main\AndroidManifest.xml:263:17-55
288        </provider>
289
290        <receiver android:name="com.pfa.pfaapp.receivers.BootBroadcast" >
290-->src\main\AndroidManifest.xml:266:9-270:20
290-->src\main\AndroidManifest.xml:266:19-58
291            <intent-filter>
291-->src\main\AndroidManifest.xml:267:13-269:29
292                <action android:name="android.intent.action.BOOT_COMPLETED" />
292-->src\main\AndroidManifest.xml:268:17-79
292-->src\main\AndroidManifest.xml:268:25-76
293            </intent-filter>
294        </receiver>
295        <receiver
295-->src\main\AndroidManifest.xml:271:9-279:20
296            android:name="com.pfa.pfaapp.emergency.ScreenReceiver"
296-->src\main\AndroidManifest.xml:272:13-53
297            android:enabled="true"
297-->src\main\AndroidManifest.xml:273:13-35
298            android:exported="false"
298-->src\main\AndroidManifest.xml:274:13-37
299            android:label="RegisterReceiverService" >
299-->src\main\AndroidManifest.xml:275:13-52
300            <intent-filter>
300-->src\main\AndroidManifest.xml:267:13-269:29
301                <action android:name="android.intent.action.BOOT_COMPLETED" />
301-->src\main\AndroidManifest.xml:268:17-79
301-->src\main\AndroidManifest.xml:268:25-76
302            </intent-filter>
303        </receiver>
304
305        <service
305-->src\main\AndroidManifest.xml:281:9-291:19
306            android:name="com.pfa.pfaapp.locationutils.LocationUpdatesService"
306-->src\main\AndroidManifest.xml:282:13-65
307            android:enabled="true"
307-->src\main\AndroidManifest.xml:283:13-35
308            android:exported="false"
308-->src\main\AndroidManifest.xml:284:13-37
309            android:stopWithTask="true" >
309-->src\main\AndroidManifest.xml:285:13-40
310            <intent-filter android:priority="1000" >
310-->src\main\AndroidManifest.xml:286:13-290:29
310-->src\main\AndroidManifest.xml:286:28-51
311                <action android:name="android.location.PROVIDERS_CHANGED" />
311-->src\main\AndroidManifest.xml:287:17-77
311-->src\main\AndroidManifest.xml:287:25-74
312
313                <category android:name="android.intent.category.DEFAULT" />
313-->src\main\AndroidManifest.xml:92:17-76
313-->src\main\AndroidManifest.xml:92:27-73
314            </intent-filter>
315        </service>
316        <service
316-->src\main\AndroidManifest.xml:292:9-298:19
317            android:name="com.pfa.pfaapp.notifications.MyFirebaseMessagingService"
317-->src\main\AndroidManifest.xml:293:13-69
318            android:exported="true" >
318-->src\main\AndroidManifest.xml:294:13-36
319            <intent-filter>